『妖魅之隐士』 (4d3)(18)。

@01 527/4/12 h13 发现道具
哭泣父在小鬼之洞窟拿到了☆乱来的外套『迷
失惩罚』 [11,0]。

@02 527/4/15 h15 新的力量
巫术月积攒了足够的经验，升到34级了。

@01 527/4/16 h5 发现道具
锤妻在小鬼之洞窟拿到了☆沉重的长弓『鬼魂
之回忆』 (2d7+2)(1)。

@01 527/4/18 h1 发现道具
士兵舞在古之庭院拿到了☆揭示真相的重型腰
带『强盗之水平线』 [4,16]。

@03 527/4/18 h23 任务的完成
雪之卖国奴任务完成，61的声望获得了。

@02 527/4/19 h5 新的力量
冥界之夜明积攒了足够的经验，升到9级了。


@01 527/4/20 h3 发现道具
肉与贤者在不归之洞窟拿到了☆照亮黑暗的骨
弓『飞行激愤』 (1d25+4)(-51)。

@01 527/4/20 h5 发现道具
巫术月在灼热之塔拿到了☆揭示真相的手枪『
黄祝福』 (1d37+1)(17)。

@02 527/4/21 h24 新的力量
天使白积攒了足够的经验，升到22级了。

@01 527/4/22 h20 发现道具
子夜伤感在莱米伊德遗迹拿到了☆祝福的艳丽
的腰带『肉感女巫』 [2,0]。

@01 527/4/23 h17 发现道具
弑杀信徒的诅咒在不归之寨拿到了☆被称作铁
块的链甲『愚者之指』 [1,31]。

@03 527/4/24 h1 任务的完成
真・圣者任务完成，10的声望获得了。

@01 527/4/24 h1 发现道具
真・圣者在犬神之森拿到了☆被称作铁块的圆
盾『子夜诗人』 [1,9]。

@01 527/4/24 h7 发现道具
欢快的・石在不归之塔拿到了☆梦幻的铠甲『
苦闷猎犬』 [6,0]。

@03 527/4/25 h7 任务的完成
腐坏之物语任务完成，38的声望获得了。

@01 527/4/25 h7 发现道具
腐坏之物语在烟与烟斗之亭拿到了☆诅咒的赤
红如血的结婚项链『被破坏罪人』。

@01 527/4/25 h14 发现道具
真・圣者在混沌之城《机皇》拿到了☆触怒逆
鳞的重盔『魔性之影』 [4,10]。

@01 527/4/25 h16 发现道具
明日女孩在不归之塔拿到了☆被称作铁块的大
锤『恶魔之水晶』 (2d17+2)(-3)。

@03 527/4/25 h19 任务的完成
怪人之完好无损任务完成，41的声望获得了。


@02 527/4/26 h17 新的力量
怪人之完好无损积攒了足够的经验，升到64级
了。

@01 527/4/27 h3 发现道具
白金之败者在魔女之家拿到了☆金光闪耀的翼
『掉入深渊的龙』 [11,0]。

@01 527/4/27 h10 发现道具
腐坏之物语在混沌之塔拿到了☆恒久不变的散
弹枪『恋爱之喘息声』 (4d17+13)(9)。

@01 527/4/27 h24 发现道具
无法停下违背道德在不归之寨拿到了☆被称作
铁块的合成护手『哭太多白虎』 (3,1) [0,1
1]。

@01 527/5/1 h21 发现道具
明日女孩在不归之洞窟拿到了☆诅咒的缠绕暗
影的高级手套『舍弃希望的坏灭』 (7,1) [2
2,8]。

@01 527/5/2 h11 发现道具
明天之逃亡者在混沌之城《破坏》拿到了☆绽
放异彩的精灵帽『留下记忆大空』 [13,15]。


@01 527/5/2 h24 发现道具
弑杀信徒的诅咒在不归之寨拿到了☆梦幻的连
弩『中立领主』 (7d4)(2)。

@01 527/5/3 h10 发现道具
肉与贤者在南提里斯拿到了☆历史悠久的锁`
『武士指』 (3d4+5)(13)。

@01 527/5/3 h16 发现道具
肉与贤者在南提里斯拿到了☆粉碎黑暗的大锤
『不咬黄金』 (2d16+2)(-5)。

@01 527/5/3 h24 发现道具
雪之卖国奴在混沌之塔拿到了☆被称作铁块的
机关枪『幻影骨』 (10d3)(14)。

@03 527/5/4 h6 任务的完成
明日女孩任务完成，20的声望获得了。

@01 527/5/4 h6 发现道具
预感子弹在混沌之森拿到了☆永不褪色的结婚
戒指『武士之停止』。

@01 527/5/4 h14 发现道具
士兵舞在犬神之森拿到了☆被称作铁块的散弹
枪『陌生国家的无双』 (4d10+3)(5)。

@01 527/5/5 h7 发现道具
明日女孩在不归之洞窟拿到了☆粉碎黑暗的机
械弓『流民白』 (1d31+3)(6)。

@01 527/5/5 h9 发现道具
守林人之戒律在龙窟拿到了☆高贵的护颈『没
有展望时』 [0,2]。

@03 527/5/5 h18 任务的完成
真・巨兽任务完成，18的声望获得了。

@01 527/5/5 h18 发现道具
真・巨兽在南提里斯拿到了☆可食用的守护戒
指『不被破坏妖魅』 [0,-1]。

@01 527/5/6 h3 发现道具
王贵妇人在女仆馆拿到了☆高贵的戟『狼命运』
 (2d9)。

@01 527/5/6 h4 发现道具
明日女孩在不归之洞窟拿到了☆不朽的战斧『
忍者魔力』 (1d27+3)(1)。

@01 527/5/6 h24 发现道具
冥界之夜明在不归之寨拿到了☆高贵的锁`『
白之指』 (3d3+1)(2)。

@03 527/5/7 h6 任务的完成
雪之卖国奴任务完成，46的声望获得了。

@03 527/5/7 h10 任务的完成
冥界之夜明任务完成，2的声望获得了。

@03 527/5/7 h18 任务的完成
献出父亲可爱任务完成，4的声望获得了。

@03 527/5/8 h19 任务的完成
献出父亲可爱任务完成，21的声望获得了。


@01 527/5/8 h19 发现道具
献出父亲可爱在不归之寨拿到了☆缠绕光芒的
外套『破坏太多灾难』 [10,8]。

@01 527/5/9 h14 发现道具
拨动时间黄在混沌之洞窟拿到了☆堕落的缠绕
光芒的棍棒『女巫的逃亡』 (3d6+5)(7)。

@03 527/5/10 h6 任务的完成
无法停下违背道德任务完成，8的声望获得了。


@03 527/5/10 h24 任务的完成
王贵妇人任务完成，4的声望获得了。

@01 527/5/11 h12 发现道具
受诅咒的领导者在混沌之城《机甲》拿到了☆
祝福的不存于世的翼『罪恶样的破坏』 [27,
0]。

@01 527/5/11 h16 发现道具
真・圣者在不归之寨拿到了☆可食用的长弓『
黄之终结』 (2d8-3)(-3)。

@02 527/5/12 h7 新的力量
子夜伤感积攒了足够的经验，升到25级了。


